<?xml version="1.0" encoding="UTF-8"?>
<!-- Generated by org.testng.reporters.JUnitXMLReporter -->
<testsuite ignored="0" hostname="LAPTOP-UIF5D0BH" failures="1" tests="1" name="Test" time="5.851" errors="0" timestamp="2025-02-13T15:12:08 IST">
  <testcase classname="test_case1.Project2" name="Test2" time="0.0">
    <failure type="org.testng.TestNGException" message="
Cannot inject @Test annotated Method [Test2] with [class [Ljava.lang.String;].
For more information on native dependency injection please refer to https://testng.org/#_dependency_injection">
      <![CDATA[org.testng.TestNGException: 
Cannot inject @Test annotated Method [Test2] with [class [Ljava.lang.String;].
For more information on native dependency injection please refer to https://testng.org/#_dependency_injection
at java.base/java.util.ArrayList.forEach(ArrayList.java:1597)
... Removed 26 stack frames]]>
    </failure>
  </testcase> <!-- Test2 -->
</testsuite> <!-- Test -->
