<?xml version="1.0" encoding="UTF-8"?>
<testng-results ignored="0" total="1" passed="1" failed="0" skipped="0">
  <reporter-output>
  </reporter-output>
  <suite started-at="2025-02-17T20:25:01 IST" name="Test Suite" finished-at="2025-02-17T20:25:10 IST" duration-ms="9468">
    <groups>
    </groups>
    <test started-at="2025-02-17T20:25:01 IST" name="Test" finished-at="2025-02-17T20:25:10 IST" duration-ms="9468">
      <class name="test_case1.Project4">
        <test-method is-config="true" signature="BeforeTest()[pri:0, instance:test_case1.Project4@3ad83a66]" started-at="2025-02-17T20:25:01 IST" name="BeforeTest" finished-at="2025-02-17T20:25:07 IST" duration-ms="6828" status="PASS">
          <reporter-output>
          </reporter-output>
        </test-method> <!-- BeforeTest -->
        <test-method signature="GoogleTest()[pri:0, instance:test_case1.Project4@3ad83a66]" started-at="2025-02-17T20:25:08 IST" name="GoogleTest" finished-at="2025-02-17T20:25:10 IST" duration-ms="2383" status="PASS">
          <reporter-output>
          </reporter-output>
        </test-method> <!-- GoogleTest -->
        <test-method is-config="true" signature="AfterTest()[pri:0, instance:test_case1.Project4@3ad83a66]" started-at="2025-02-17T20:25:10 IST" name="AfterTest" finished-at="2025-02-17T20:25:10 IST" duration-ms="156" status="PASS">
          <reporter-output>
          </reporter-output>
        </test-method> <!-- AfterTest -->
      </class> <!-- test_case1.Project4 -->
    </test> <!-- Test -->
  </suite> <!-- Test Suite -->
</testng-results>
