<?xml version="1.0" encoding="UTF-8"?>
<testng-results ignored="0" total="1" passed="1" failed="0" skipped="0">
  <reporter-output>
  </reporter-output>
  <suite started-at="2025-02-17T22:54:26 IST" name="Test Suite" finished-at="2025-02-17T22:54:30 IST" duration-ms="4414">
    <groups>
    </groups>
    <test started-at="2025-02-17T22:54:26 IST" name="Test" finished-at="2025-02-17T22:54:30 IST" duration-ms="4414">
      <class name="test_case1.Project4">
        <test-method is-config="true" signature="BeforeTest()[pri:0, instance:test_case1.Project4@17bffc17]" started-at="2025-02-17T22:54:26 IST" name="BeforeTest" finished-at="2025-02-17T22:54:28 IST" duration-ms="2737" status="PASS">
          <reporter-output>
          </reporter-output>
        </test-method> <!-- BeforeTest -->
        <test-method signature="GoogleTest()[pri:0, instance:test_case1.Project4@17bffc17]" started-at="2025-02-17T22:54:28 IST" name="GoogleTest" finished-at="2025-02-17T22:54:30 IST" duration-ms="1236" status="PASS">
          <reporter-output>
          </reporter-output>
        </test-method> <!-- GoogleTest -->
        <test-method is-config="true" signature="AfterTest()[pri:0, instance:test_case1.Project4@17bffc17]" started-at="2025-02-17T22:54:30 IST" name="AfterTest" finished-at="2025-02-17T22:54:30 IST" duration-ms="328" status="PASS">
          <reporter-output>
          </reporter-output>
        </test-method> <!-- AfterTest -->
      </class> <!-- test_case1.Project4 -->
    </test> <!-- Test -->
  </suite> <!-- Test Suite -->
</testng-results>
